<?xml version="1.0" encoding="UTF-8"?>
<!-- Generated by org.testng.reporters.JUnitXMLReporter -->
<testsuite hostname="DESKTOP-GHQ916B" ignored="0" name="Test(failed)" tests="3" failures="1" timestamp="2021-08-30T14:54:13 IST" time="0.145" errors="0">
  <testcase name="TC2" time="0.03" classname="practice1.sample1"/>
  <testcase name="TC1" time="0.006" classname="practice1.sample1">
    <failure type="java.lang.AssertionError" message="null">
      <![CDATA[java.lang.AssertionError: null
at practice1.sample1.TC1(sample1.java:13)
at java.util.ArrayList.forEach(ArrayList.java:1259)
... Removed 29 stack frames]]>
    </failure>
  </testcase> <!-- TC1 -->
  <testcase name="TC3" time="0.0" classname="practice1.sample1">
    <skipped/>
  </testcase> <!-- TC3 -->
</testsuite> <!-- Test(failed) -->
